
  ++++++++++++++++++++++++++++++++++++++++++++
  +     MAD-X 5.06.01  (64 bit, Linux)       +
  + Support: mad@cern.ch, http://cern.ch/mad +
  + Release   date: 2020.09.01               +
  + Execution date: 2021.09.21 13:22:09      +
  ++++++++++++++++++++++++++++++++++++++++++++
beam, particle = proton, pc = 0.37033168;

!CALL, FILE = "isis_injection.beam";

//lat3ud file in madx format



//basic lattice below.



kqtd = .00610063;    // nominal numbers for 4.31 and 3.83 lattice

kqtf = -.01155444;



! Amplitude and Harmonic for QTD

a1:=0.000;

b1:=0.000;

hn1:=7;



! Amplitude and Harmonic for QTF

a2:=0.000;

b2:=0.000;

hn2:=8;



HER0qtd:=(a1*cos(hn1*(0/10)*2*PI))+(b1*sin(hn1*(0/10)*2*PI));

HER1qtd:=(a1*cos(hn1*(1/10)*2*PI))+(b1*sin(hn1*(1/10)*2*PI));

HER2qtd:=(a1*cos(hn1*(2/10)*2*PI))+(b1*sin(hn1*(2/10)*2*PI));

HER3qtd:=(a1*cos(hn1*(3/10)*2*PI))+(b1*sin(hn1*(3/10)*2*PI));

HER4qtd:=(a1*cos(hn1*(4/10)*2*PI))+(b1*sin(hn1*(4/10)*2*PI));

HER5qtd:=(a1*cos(hn1*(5/10)*2*PI))+(b1*sin(hn1*(5/10)*2*PI));

HER6qtd:=(a1*cos(hn1*(6/10)*2*PI))+(b1*sin(hn1*(6/10)*2*PI));

HER7qtd:=(a1*cos(hn1*(7/10)*2*PI))+(b1*sin(hn1*(7/10)*2*PI));

HER8qtd:=(a1*cos(hn1*(8/10)*2*PI))+(b1*sin(hn1*(8/10)*2*PI));

HER9qtd:=(a1*cos(hn1*(9/10)*2*PI))+(b1*sin(hn1*(9/10)*2*PI));



HER0qtf:=(a2*cos(hn2*(0/10)*2*PI))+(b2*sin(hn2*(0/10)*2*PI));

HER1qtf:=(a2*cos(hn2*(1/10)*2*PI))+(b2*sin(hn2*(1/10)*2*PI));

HER2qtf:=(a2*cos(hn2*(2/10)*2*PI))+(b2*sin(hn2*(2/10)*2*PI));

HER3qtf:=(a2*cos(hn2*(3/10)*2*PI))+(b2*sin(hn2*(3/10)*2*PI));

HER4qtf:=(a2*cos(hn2*(4/10)*2*PI))+(b2*sin(hn2*(4/10)*2*PI));

HER5qtf:=(a2*cos(hn2*(5/10)*2*PI))+(b2*sin(hn2*(5/10)*2*PI));

HER6qtf:=(a2*cos(hn2*(6/10)*2*PI))+(b2*sin(hn2*(6/10)*2*PI));

HER7qtf:=(a2*cos(hn2*(7/10)*2*PI))+(b2*sin(hn2*(7/10)*2*PI));

HER8qtf:=(a2*cos(hn2*(8/10)*2*PI))+(b2*sin(hn2*(8/10)*2*PI));

HER9qtf:=(a2*cos(hn2*(9/10)*2*PI))+(b2*sin(hn2*(9/10)*2*PI));



// -----------------------------------------------------------------------------



dipfr8  : sbend , l=0.16, k1=0.01101772 , angle=.0070260;

dipfr9  : sbend , l=0.2, k1=-0.00081196 , angle=.0011260;

dipfr10 : sbend , l=0.03, k1=-0.00106696 , angle=.0000970;



s1      : drift , l=1.31;

s2      : drift , l=1.2394;



qdfr1   : quadrupole  , l=0.05275    , k1=-.07954129; 

qdfr2   : quadrupole  , l=0.05275    , k1=-.23862467;

qdfr3   : quadrupole  , l=0.05275    , k1=-.39770806;

qdfr4   : quadrupole  , l=0.05275    , k1=-.55679063;

qd      : quadrupole  , l=0.51920    , k1=-.63633192;

qdfr5   : quadrupole  , l=0.05275    , k1=-.55679063;

qdfr6   : quadrupole  , l=0.05275    , k1=-.39770806;

qdfr7   : quadrupole  , l=0.05275    , k1=-.23862467;

qdfr8   : quadrupole  , l=0.05275    , k1=-.07954129;

                  

s3      : drift , l=0.09765;   



qtd     : quadrupole  , l=0.307 , k1=kqtd;



s4      : drift , l=0.09765;



qffr1   : quadrupole  , l=0.05275    , k1=.07957934; 

qffr2   : quadrupole  , l=0.05275    , k1=.23873962; 

qffr3   : quadrupole  , l=0.05275    , k1=.39789910;

qffr4   : quadrupole  , l=0.05275    , k1=.55705778; 

qf      : quadrupole  , l=0.50420    , k1=.63663711;

qffr5   : quadrupole  , l=0.05275    , k1=.55705778;

qffr6   : quadrupole  , l=0.05275    , k1=.39789910; 

qffr7   : quadrupole  , l=0.05275    , k1=.23873962; 

qffr8   : quadrupole  , l=0.05275    , k1=.07957934; 



s5      : drift , l=0.0967;



qtf     : quadrupole  , l=0.307 , k1=qtf;



s6      : drift , l=1.0;

s7      : drift , l=1.0;

s8      : drift , l=1.0;

s9      : drift , l=1.0;

s10     : drift , l=1.2445;



qdsfr1  : quadrupole  , l=.03875     , k1=-.09091520;

qdsfr2  : quadrupole  , l=.03875     , k1=-.27274479;

qdsfr3  : quadrupole  , l=.03875     , k1=-.45457519;

qdsfr4  : quadrupole  , l=.03875     , k1=-.63640478;

qds     : quadrupole  , l=.2474      , k1=-.72731997;

qdsfr5  : quadrupole  , l=.03875     , k1=-.63640478;

qdsfr6  : quadrupole  , l=.03875     , k1=-.45457519;

qdsfr7  : quadrupole  , l=.03875     , k1=-.27274479;

qdsfr8  : quadrupole  , l=.03875     , k1=-.09091520;



s11     : drift , l=.031582;



dipfr1  : sbend , l=0.03, k1=-0.00106696 , angle=0.000097;

dipfr2  : sbend , l=0.20, k1=-0.00081196 , angle=.0011260;

dipfr3  : sbend , l=0.16, k1=0.01101772 , angle=.0070260;

dipfr4  : sbend , l=0.04, k1=0.01101772 , angle=.0017570;

dipfr5  : sbend , l=0.2 , k1=0.07106712 , angle=.0242660;

dip1    : sbend , l=0.06, k1=0.06782332 , angle=.0085680;

dip2    : sbend , l=1.0 , k1=0.06782332 , angle=.1428000;

dip3    : sbend , l=1.0 , k1=0.06782332 , angle=.1428000;

dip4    : sbend , l=1.0 , k1=0.06782332 , angle=.1428000;

dip5    : sbend , l=0.8 , k1=0.06782332 , angle=.11428000;

dip6    : sbend , l=0.06, k1=0.06782332 , angle=.0085680;

dipfr6  : sbend , l=0.2 , k1=0.07106712 , angle=.0242660;

dipfr7  : sbend , l=0.04, k1=0.01101772 , angle=.0017570;







r0qtf : qtf , k1:=kqtf+HER0qtf; 

r1qtf : qtf , k1:=kqtf+HER1qtf; 

r2qtf : qtf , k1:=kqtf+HER2qtf; 

r3qtf : qtf , k1:=kqtf+HER3qtf; 

r4qtf : qtf , k1:=kqtf+HER4qtf; 

r5qtf : qtf , k1:=kqtf+HER5qtf; 

r6qtf : qtf , k1:=kqtf+HER6qtf; 

r7qtf : qtf , k1:=kqtf+HER7qtf; 

r8qtf : qtf , k1:=kqtf+HER8qtf; 

r9qtf : qtf , k1:=kqtf+HER9qtf; 



r0qtd : qtd , k1:=kqtd+HER0qtd; 

r1qtd : qtd , k1:=kqtd+HER1qtd; 

r2qtd : qtd , k1:=kqtd+HER2qtd; 

r3qtd : qtd , k1:=kqtd+HER3qtd; 

r4qtd : qtd , k1:=kqtd+HER4qtd; 

r5qtd : qtd , k1:=kqtd+HER5qtd; 

r6qtd : qtd , k1:=kqtd+HER6qtd; 

r7qtd : qtd , k1:=kqtd+HER7qtd; 

r8qtd : qtd , k1:=kqtd+HER8qtd; 

r9qtd : qtd , k1:=kqtd+HER9qtd; 







! CALL, FILE = "isis_synchrotron.seq";



! USE, SEQUENCE=synchrotron;

! SELECT,flag=TWISS,COLUMN=name,s,x,y,betx,bety,mux,muy;

! TWISS,SAVE,file=isis_twiss.tfs;

! PLOT,HAXIS=S, VAXIS=BETX, BETY, COLOUR=100;

//lat3ud file in madx format

//lattice is a sequence











// construct sp0





synchrotron: sequence, refer=exit ,l=163.36282;





     // ---------------------------------------------------- sp0 ---------------------------------------



     spnum=0.0;



     sp0_datum   : marker, at =0.0+(spnum*16.336282);

     sp0_dipfr8  : dipfr8, at = 0.16+(spnum*16.336282);

     sp0_dipfr9  : dipfr9, at =0.36+(spnum*16.336282);

     sp0_dipfr10 : dipfr10,at=0.39+(spnum*16.336282);





     sp0_qdfr1   : qdfr1,at=2.99215+(spnum*16.336282);

     sp0_qdfr2   : qdfr2,at=3.04490+(spnum*16.336282);

     sp0_qdfr3   : qdfr3,at=3.09765+(spnum*16.336282);

     sp0_qdfr4   : qdfr4,at=3.15040+(spnum*16.336282);

     sp0_qd      : qd   ,at=3.66960+(spnum*16.336282);

     sp0_qdfr5   : qdfr5,at=3.72235+(spnum*16.336282);

     sp0_qdfr6   : qdfr6,at=3.77510+(spnum*16.336282);

     sp0_qdfr7   : qdfr7,at=3.82785+(spnum*16.336282);

     sp0_qdfr8   : qdfr8,at=3.88060+(spnum*16.336282);

                  



     sp0_qtd     : R0qtd,at=4.28525+(spnum*16.336282);





     sp0_qffr1   : qffr1,at=4.43565+(spnum*16.336282);

     sp0_qffr2   : qffr2,at=4.48840+(spnum*16.336282);

     sp0_qffr3   : qffr3,at=4.54115+(spnum*16.336282);

     sp0_qffr4   : qffr4,at=4.59390+(spnum*16.336282);

     sp0_qf      : qf   ,at=5.09810+(spnum*16.336282);

     sp0_qffr5   : qffr5,at=5.15085+(spnum*16.336282);

     sp0_qffr6   : qffr6,at=5.20360+(spnum*16.336282);

     sp0_qffr7   : qffr7,at=5.25635+(spnum*16.336282);

     sp0_qffr8   : qffr8,at=5.30910+(spnum*16.336282);





     sp0_qtf     : R0qtf,at=5.71280+(spnum*16.336282);





     sp0_qdsfr1  : qdsfr1,at=10.99605+(spnum*16.336282);

     sp0_qdsfr2  : qdsfr2,at=11.0348+(spnum*16.336282);

     sp0_qdsfr3  : qdsfr3,at=11.07355+(spnum*16.336282);

     sp0_qdsfr4  : qdsfr4,at=11.1123+(spnum*16.336282);

     sp0_qds     : qds   ,at=11.3597+(spnum*16.336282);

     sp0_qdsfr5  : qdsfr5,at=11.39845+(spnum*16.336282);

     sp0_qdsfr6  : qdsfr6,at=11.4372+(spnum*16.336282);

     sp0_qdsfr7  : qdsfr7,at=11.47595+(spnum*16.336282);

     sp0_qdsfr8  : qdsfr8,at=11.5147+(spnum*16.336282);





     sp0_dipfr1  : dipfr1,at=11.576282+(spnum*16.336282);

     sp0_dipfr2  : dipfr2,at=11.776282+(spnum*16.336282);

     sp0_dipfr3  : dipfr3,at=11.936282+(spnum*16.336282);

     sp0_dipfr4  : dipfr4,at=11.976282+(spnum*16.336282);

     sp0_dipfr5  : dipfr5,at=12.176282+(spnum*16.336282);

     sp0_dip1    : dip1,at=12.236282+(spnum*16.336282);

     sp0_dip2    : dip2,at=13.236282+(spnum*16.336282);

     sp0_dip3    : dip3,at=14.236282+(spnum*16.336282);

     sp0_dip4    : dip4,at=15.236282+(spnum*16.336282);

     sp0_dip5    : dip5,at=16.036282+(spnum*16.336282);

     sp0_dip6    : dip6,at=16.096282+(spnum*16.336282);

     sp0_dipfr6  : dipfr6,at=16.296282+(spnum*16.336282);

     sp0_dipfr7  : dipfr7,at=16.336282+(spnum*16.336282);



     sp0_end     : marker, at =16.336282+(spnum*16.336282);





     // ---------------------------------------------------- sp1 ---------------------------------------



     spnum=1.0;

++++++ info: spnum redefined


     sp1_datum   : marker, at =0.0+(spnum*16.336282);

     sp1_dipfr8  : dipfr8, at = 0.16+(spnum*16.336282);

     sp1_dipfr9  : dipfr9, at =0.36+(spnum*16.336282);

     sp1_dipfr10 : dipfr10,at=0.39+(spnum*16.336282);





     sp1_qdfr1   : qdfr1,at=2.99215+(spnum*16.336282);

     sp1_qdfr2   : qdfr2,at=3.04490+(spnum*16.336282);

     sp1_qdfr3   : qdfr3,at=3.09765+(spnum*16.336282);

     sp1_qdfr4   : qdfr4,at=3.15040+(spnum*16.336282);

     sp1_qd      : qd   ,at=3.66960+(spnum*16.336282);

     sp1_qdfr5   : qdfr5,at=3.72235+(spnum*16.336282);

     sp1_qdfr6   : qdfr6,at=3.77510+(spnum*16.336282);

     sp1_qdfr7   : qdfr7,at=3.82785+(spnum*16.336282);

     sp1_qdfr8   : qdfr8,at=3.88060+(spnum*16.336282);

                  



     sp1_qtd     : R1qtd,at=4.28525+(spnum*16.336282);





     sp1_qffr1   : qffr1,at=4.43565+(spnum*16.336282);

     sp1_qffr2   : qffr2,at=4.48840+(spnum*16.336282);

     sp1_qffr3   : qffr3,at=4.54115+(spnum*16.336282);

     sp1_qffr4   : qffr4,at=4.59390+(spnum*16.336282);

     sp1_qf      : qf   ,at=5.09810+(spnum*16.336282);

     sp1_qffr5   : qffr5,at=5.15085+(spnum*16.336282);

     sp1_qffr6   : qffr6,at=5.20360+(spnum*16.336282);

     sp1_qffr7   : qffr7,at=5.25635+(spnum*16.336282);

     sp1_qffr8   : qffr8,at=5.30910+(spnum*16.336282);





     sp1_qtf     : R1qtf,at=5.71280+(spnum*16.336282);





     sp1_qdsfr1  : qdsfr1,at=10.99605+(spnum*16.336282);

     sp1_qdsfr2  : qdsfr2,at=11.0348+(spnum*16.336282);

     sp1_qdsfr3  : qdsfr3,at=11.07355+(spnum*16.336282);

     sp1_qdsfr4  : qdsfr4,at=11.1123+(spnum*16.336282);

     sp1_qds     : qds   ,at=11.3597+(spnum*16.336282);

     sp1_qdsfr5  : qdsfr5,at=11.39845+(spnum*16.336282);

     sp1_qdsfr6  : qdsfr6,at=11.4372+(spnum*16.336282);

     sp1_qdsfr7  : qdsfr7,at=11.47595+(spnum*16.336282);

     sp1_qdsfr8  : qdsfr8,at=11.5147+(spnum*16.336282);

   



     sp1_dipfr1  : dipfr1,at=11.576282+(spnum*16.336282);

     sp1_dipfr2  : dipfr2,at=11.776282+(spnum*16.336282);

     sp1_dipfr3  : dipfr3,at=11.936282+(spnum*16.336282);

     sp1_dipfr4  : dipfr4,at=11.976282+(spnum*16.336282);

     sp1_dipfr5  : dipfr5,at=12.176282+(spnum*16.336282);

     sp1_dip1    : dip1,at=12.236282+(spnum*16.336282);

     sp1_dip2    : dip2,at=13.236282+(spnum*16.336282);

     sp1_dip3    : dip3,at=14.236282+(spnum*16.336282);

     sp1_dip4    : dip4,at=15.236282+(spnum*16.336282);

     sp1_dip5    : dip5,at=16.036282+(spnum*16.336282);

     sp1_dip6    : dip6,at=16.096282+(spnum*16.336282);

     sp1_dipfr6  : dipfr6,at=16.296282+(spnum*16.336282);

     sp1_dipfr7  : dipfr7,at=16.336282+(spnum*16.336282);

     sp1_end     : marker, at =16.336282+(spnum*16.336282);





     // ---------------------------------------------------- sp2 ---------------------------------------



     spnum=2.0;

++++++ info: spnum redefined


     sp2_datum   : marker, at =0.0+(spnum*16.336282);

     sp2_dipfr8  : dipfr8, at = 0.16+(spnum*16.336282);

     sp2_dipfr9  : dipfr9, at =0.36+(spnum*16.336282);

     sp2_dipfr10 : dipfr10,at=0.39+(spnum*16.336282);





     sp2_qdfr1   : qdfr1,at=2.99215+(spnum*16.336282);

     sp2_qdfr2   : qdfr2,at=3.04490+(spnum*16.336282);

     sp2_qdfr3   : qdfr3,at=3.09765+(spnum*16.336282);

     sp2_qdfr4   : qdfr4,at=3.15040+(spnum*16.336282);

     sp2_qd      : qd   ,at=3.66960+(spnum*16.336282);

     sp2_qdfr5   : qdfr5,at=3.72235+(spnum*16.336282);

     sp2_qdfr6   : qdfr6,at=3.77510+(spnum*16.336282);

     sp2_qdfr7   : qdfr7,at=3.82785+(spnum*16.336282);

     sp2_qdfr8   : qdfr8,at=3.88060+(spnum*16.336282);

                  



     sp2_qtd     : R2qtd,at=4.28525+(spnum*16.336282);





     sp2_qffr1   : qffr1,at=4.43565+(spnum*16.336282);

     sp2_qffr2   : qffr2,at=4.48840+(spnum*16.336282);

     sp2_qffr3   : qffr3,at=4.54115+(spnum*16.336282);

     sp2_qffr4   : qffr4,at=4.59390+(spnum*16.336282);

     sp2_qf      : qf   ,at=5.09810+(spnum*16.336282);

     sp2_qffr5   : qffr5,at=5.15085+(spnum*16.336282);

     sp2_qffr6   : qffr6,at=5.20360+(spnum*16.336282);

     sp2_qffr7   : qffr7,at=5.25635+(spnum*16.336282);

     sp2_qffr8   : qffr8,at=5.30910+(spnum*16.336282);





     sp2_qtf     : R2qtf,at=5.71280+(spnum*16.336282);





     sp2_qdsfr1  : qdsfr1,at=10.99605+(spnum*16.336282);

     sp2_qdsfr2  : qdsfr2,at=11.0348+(spnum*16.336282);

     sp2_qdsfr3  : qdsfr3,at=11.07355+(spnum*16.336282);

     sp2_qdsfr4  : qdsfr4,at=11.1123+(spnum*16.336282);

     sp2_qds     : qds   ,at=11.3597+(spnum*16.336282);

     sp2_qdsfr5  : qdsfr5,at=11.39845+(spnum*16.336282);

     sp2_qdsfr6  : qdsfr6,at=11.4372+(spnum*16.336282);

     sp2_qdsfr7  : qdsfr7,at=11.47595+(spnum*16.336282);

     sp2_qdsfr8  : qdsfr8,at=11.5147+(spnum*16.336282);

   



     sp2_dipfr1  : dipfr1,at=11.576282+(spnum*16.336282);

     sp2_dipfr2  : dipfr2,at=11.776282+(spnum*16.336282);

     sp2_dipfr3  : dipfr3,at=11.936282+(spnum*16.336282);

     sp2_dipfr4  : dipfr4,at=11.976282+(spnum*16.336282);

     sp2_dipfr5  : dipfr5,at=12.176282+(spnum*16.336282);

     sp2_dip1    : dip1,at=12.236282+(spnum*16.336282);

     sp2_dip2    : dip2,at=13.236282+(spnum*16.336282);

     sp2_dip3    : dip3,at=14.236282+(spnum*16.336282);

     sp2_dip4    : dip4,at=15.236282+(spnum*16.336282);

     sp2_dip5    : dip5,at=16.036282+(spnum*16.336282);

     sp2_dip6    : dip6,at=16.096282+(spnum*16.336282);

     sp2_dipfr6  : dipfr6,at=16.296282+(spnum*16.336282);

     sp2_dipfr7  : dipfr7,at=16.336282+(spnum*16.336282);

     sp2_end     : marker, at =16.336282+(spnum*16.336282);





      // ---------------------------------------------------- sp3 ---------------------------------------



     spnum=3.0;

++++++ info: spnum redefined


     sp3_datum   : marker, at =0.0+(spnum*16.336282);

     sp3_dipfr8  : dipfr8, at = 0.16+(spnum*16.336282);

     sp3_dipfr9  : dipfr9, at =0.36+(spnum*16.336282);

     sp3_dipfr10 : dipfr10,at=0.39+(spnum*16.336282);





     sp3_qdfr1   : qdfr1,at=2.99215+(spnum*16.336282);

     sp3_qdfr2   : qdfr2,at=3.04490+(spnum*16.336282);

     sp3_qdfr3   : qdfr3,at=3.09765+(spnum*16.336282);

     sp3_qdfr4   : qdfr4,at=3.15040+(spnum*16.336282);

     sp3_qd      : qd   ,at=3.66960+(spnum*16.336282);

     sp3_qdfr5   : qdfr5,at=3.72235+(spnum*16.336282);

     sp3_qdfr6   : qdfr6,at=3.77510+(spnum*16.336282);

     sp3_qdfr7   : qdfr7,at=3.82785+(spnum*16.336282);

     sp3_qdfr8   : qdfr8,at=3.88060+(spnum*16.336282);

                  



     sp3_qtd     : R3qtd,at=4.28525+(spnum*16.336282);





     sp3_qffr1   : qffr1,at=4.43565+(spnum*16.336282);

     sp3_qffr2   : qffr2,at=4.48840+(spnum*16.336282);

     sp3_qffr3   : qffr3,at=4.54115+(spnum*16.336282);

     sp3_qffr4   : qffr4,at=4.59390+(spnum*16.336282);

     sp3_qf      : qf   ,at=5.09810+(spnum*16.336282);

     sp3_qffr5   : qffr5,at=5.15085+(spnum*16.336282);

     sp3_qffr6   : qffr6,at=5.20360+(spnum*16.336282);

     sp3_qffr7   : qffr7,at=5.25635+(spnum*16.336282);

     sp3_qffr8   : qffr8,at=5.30910+(spnum*16.336282);





     sp3_qtf     : R3qtf,at=5.71280+(spnum*16.336282);





     sp3_qdsfr1  : qdsfr1,at=10.99605+(spnum*16.336282);

     sp3_qdsfr2  : qdsfr2,at=11.0348+(spnum*16.336282);

     sp3_qdsfr3  : qdsfr3,at=11.07355+(spnum*16.336282);

     sp3_qdsfr4  : qdsfr4,at=11.1123+(spnum*16.336282);

     sp3_qds     : qds   ,at=11.3597+(spnum*16.336282);

     sp3_qdsfr5  : qdsfr5,at=11.39845+(spnum*16.336282);

     sp3_qdsfr6  : qdsfr6,at=11.4372+(spnum*16.336282);

     sp3_qdsfr7  : qdsfr7,at=11.47595+(spnum*16.336282);

     sp3_qdsfr8  : qdsfr8,at=11.5147+(spnum*16.336282);

   



     sp3_dipfr1  : dipfr1,at=11.576282+(spnum*16.336282);

     sp3_dipfr2  : dipfr2,at=11.776282+(spnum*16.336282);

     sp3_dipfr3  : dipfr3,at=11.936282+(spnum*16.336282);

     sp3_dipfr4  : dipfr4,at=11.976282+(spnum*16.336282);

     sp3_dipfr5  : dipfr5,at=12.176282+(spnum*16.336282);

     sp3_dip1    : dip1,at=12.236282+(spnum*16.336282);

     sp3_dip2    : dip2,at=13.236282+(spnum*16.336282);

     sp3_dip3    : dip3,at=14.236282+(spnum*16.336282);

     sp3_dip4    : dip4,at=15.236282+(spnum*16.336282);

     sp3_dip5    : dip5,at=16.036282+(spnum*16.336282);

     sp3_dip6    : dip6,at=16.096282+(spnum*16.336282);

     sp3_dipfr6  : dipfr6,at=16.296282+(spnum*16.336282);

     sp3_dipfr7  : dipfr7,at=16.336282+(spnum*16.336282);

     sp3_end     : marker, at =16.336282+(spnum*16.336282);



     // ---------------------------------------------------- sp4 ---------------------------------------



     spnum=4.0;

++++++ info: spnum redefined


     sp4_datum   : marker, at =0.0+(spnum*16.336282);

     sp4_dipfr8  : dipfr8, at = 0.16+(spnum*16.336282);

     sp4_dipfr9  : dipfr9, at =0.36+(spnum*16.336282);

     sp4_dipfr10 : dipfr10,at=0.39+(spnum*16.336282);





     sp4_qdfr1   : qdfr1,at=2.99215+(spnum*16.336282);

     sp4_qdfr2   : qdfr2,at=3.04490+(spnum*16.336282);

     sp4_qdfr3   : qdfr3,at=3.09765+(spnum*16.336282);

     sp4_qdfr4   : qdfr4,at=3.15040+(spnum*16.336282);

     sp4_qd      : qd   ,at=3.66960+(spnum*16.336282);

     sp4_qdfr5   : qdfr5,at=3.72235+(spnum*16.336282);

     sp4_qdfr6   : qdfr6,at=3.77510+(spnum*16.336282);

     sp4_qdfr7   : qdfr7,at=3.82785+(spnum*16.336282);

     sp4_qdfr8   : qdfr8,at=3.88060+(spnum*16.336282);

                  



     sp4_qtd     : R4qtd,at=4.28525+(spnum*16.336282);





     sp4_qffr1   : qffr1,at=4.43565+(spnum*16.336282);

     sp4_qffr2   : qffr2,at=4.48840+(spnum*16.336282);

     sp4_qffr3   : qffr3,at=4.54115+(spnum*16.336282);

     sp4_qffr4   : qffr4,at=4.59390+(spnum*16.336282);

     sp4_qf      : qf   ,at=5.09810+(spnum*16.336282);

     sp4_qffr5   : qffr5,at=5.15085+(spnum*16.336282);

     sp4_qffr6   : qffr6,at=5.20360+(spnum*16.336282);

     sp4_qffr7   : qffr7,at=5.25635+(spnum*16.336282);

     sp4_qffr8   : qffr8,at=5.30910+(spnum*16.336282);





     sp4_qtf     : R4qtf,at=5.71280+(spnum*16.336282);





     sp4_qdsfr1  : qdsfr1,at=10.99605+(spnum*16.336282);

     sp4_qdsfr2  : qdsfr2,at=11.0348+(spnum*16.336282);

     sp4_qdsfr3  : qdsfr3,at=11.07355+(spnum*16.336282);

     sp4_qdsfr4  : qdsfr4,at=11.1123+(spnum*16.336282);

     sp4_qds     : qds   ,at=11.3597+(spnum*16.336282);

     sp4_qdsfr5  : qdsfr5,at=11.39845+(spnum*16.336282);

     sp4_qdsfr6  : qdsfr6,at=11.4372+(spnum*16.336282);

     sp4_qdsfr7  : qdsfr7,at=11.47595+(spnum*16.336282);

     sp4_qdsfr8  : qdsfr8,at=11.5147+(spnum*16.336282);

   



     sp4_dipfr1  : dipfr1,at=11.576282+(spnum*16.336282);

     sp4_dipfr2  : dipfr2,at=11.776282+(spnum*16.336282);

     sp4_dipfr3  : dipfr3,at=11.936282+(spnum*16.336282);

     sp4_dipfr4  : dipfr4,at=11.976282+(spnum*16.336282);

     sp4_dipfr5  : dipfr5,at=12.176282+(spnum*16.336282);

     sp4_dip1    : dip1,at=12.236282+(spnum*16.336282);

     sp4_dip2    : dip2,at=13.236282+(spnum*16.336282);

     sp4_dip3    : dip3,at=14.236282+(spnum*16.336282);

     sp4_dip4    : dip4,at=15.236282+(spnum*16.336282);

     sp4_dip5    : dip5,at=16.036282+(spnum*16.336282);

     sp4_dip6    : dip6,at=16.096282+(spnum*16.336282);

     sp4_dipfr6  : dipfr6,at=16.296282+(spnum*16.336282);

     sp4_dipfr7  : dipfr7,at=16.336282+(spnum*16.336282);

     sp4_end     : marker, at =16.336282+(spnum*16.336282);





     // ---------------------------------------------------- sp5 ---------------------------------------



     spnum=5.0;

++++++ info: spnum redefined


     sp5_datum   : marker, at =0.0+(spnum*16.336282);

     sp5_dipfr8  : dipfr8, at = 0.16+(spnum*16.336282);

     sp5_dipfr9  : dipfr9, at =0.36+(spnum*16.336282);

     sp5_dipfr10 : dipfr10,at=0.39+(spnum*16.336282);





     sp5_qdfr1   : qdfr1,at=2.99215+(spnum*16.336282);

     sp5_qdfr2   : qdfr2,at=3.04490+(spnum*16.336282);

     sp5_qdfr3   : qdfr3,at=3.09765+(spnum*16.336282);

     sp5_qdfr4   : qdfr4,at=3.15040+(spnum*16.336282);

     sp5_qd      : qd   ,at=3.66960+(spnum*16.336282);

     sp5_qdfr5   : qdfr5,at=3.72235+(spnum*16.336282);

     sp5_qdfr6   : qdfr6,at=3.77510+(spnum*16.336282);

     sp5_qdfr7   : qdfr7,at=3.82785+(spnum*16.336282);

     sp5_qdfr8   : qdfr8,at=3.88060+(spnum*16.336282);

                  



     sp5_qtd     : R5qtd,at=4.28525+(spnum*16.336282);





     sp5_qffr1   : qffr1,at=4.43565+(spnum*16.336282);

     sp5_qffr2   : qffr2,at=4.48840+(spnum*16.336282);

     sp5_qffr3   : qffr3,at=4.54115+(spnum*16.336282);

     sp5_qffr4   : qffr4,at=4.59390+(spnum*16.336282);

     sp5_qf      : qf   ,at=5.09810+(spnum*16.336282);

     sp5_qffr5   : qffr5,at=5.15085+(spnum*16.336282);

     sp5_qffr6   : qffr6,at=5.20360+(spnum*16.336282);

     sp5_qffr7   : qffr7,at=5.25635+(spnum*16.336282);

     sp5_qffr8   : qffr8,at=5.30910+(spnum*16.336282);





     sp5_qtf     : R5qtf,at=5.71280+(spnum*16.336282);



     sp5_qdsfr1  : qdsfr1,at=10.99605+(spnum*16.336282);

     sp5_qdsfr2  : qdsfr2,at=11.0348+(spnum*16.336282);

     sp5_qdsfr3  : qdsfr3,at=11.07355+(spnum*16.336282);

     sp5_qdsfr4  : qdsfr4,at=11.1123+(spnum*16.336282);

     sp5_qds     : qds   ,at=11.3597+(spnum*16.336282);

     sp5_qdsfr5  : qdsfr5,at=11.39845+(spnum*16.336282);

     sp5_qdsfr6  : qdsfr6,at=11.4372+(spnum*16.336282);

     sp5_qdsfr7  : qdsfr7,at=11.47595+(spnum*16.336282);

     sp5_qdsfr8  : qdsfr8,at=11.5147+(spnum*16.336282);

   



     sp5_dipfr1  : dipfr1,at=11.576282+(spnum*16.336282);

     sp5_dipfr2  : dipfr2,at=11.776282+(spnum*16.336282);

     sp5_dipfr3  : dipfr3,at=11.936282+(spnum*16.336282);

     sp5_dipfr4  : dipfr4,at=11.976282+(spnum*16.336282);

     sp5_dipfr5  : dipfr5,at=12.176282+(spnum*16.336282);

     sp5_dip1    : dip1,at=12.236282+(spnum*16.336282);

     sp5_dip2    : dip2,at=13.236282+(spnum*16.336282);

     sp5_dip3    : dip3,at=14.236282+(spnum*16.336282);

     sp5_dip4    : dip4,at=15.236282+(spnum*16.336282);

     sp5_dip5    : dip5,at=16.036282+(spnum*16.336282);

     sp5_dip6    : dip6,at=16.096282+(spnum*16.336282);

     sp5_dipfr6  : dipfr6,at=16.296282+(spnum*16.336282);

     sp5_dipfr7  : dipfr7,at=16.336282+(spnum*16.336282);

     sp5_end     : marker, at =16.336282+(spnum*16.336282);





     // ---------------------------------------------------- sp6 ---------------------------------------



     spnum=6.0;

++++++ info: spnum redefined


     sp6_datum   : marker, at =0.0+(spnum*16.336282);

     sp6_dipfr8  : dipfr8, at = 0.16+(spnum*16.336282);

     sp6_dipfr9  : dipfr9, at =0.36+(spnum*16.336282);

     sp6_dipfr10 : dipfr10,at=0.39+(spnum*16.336282);





     sp6_qdfr1   : qdfr1,at=2.99215+(spnum*16.336282);

     sp6_qdfr2   : qdfr2,at=3.04490+(spnum*16.336282);

     sp6_qdfr3   : qdfr3,at=3.09765+(spnum*16.336282);

     sp6_qdfr4   : qdfr4,at=3.15040+(spnum*16.336282);

     sp6_qd      : qd   ,at=3.66960+(spnum*16.336282);

     sp6_qdfr5   : qdfr5,at=3.72235+(spnum*16.336282);

     sp6_qdfr6   : qdfr6,at=3.77510+(spnum*16.336282);

     sp6_qdfr7   : qdfr7,at=3.82785+(spnum*16.336282);

     sp6_qdfr8   : qdfr8,at=3.88060+(spnum*16.336282);

                  



     sp6_qtd     : R6qtd,at=4.28525+(spnum*16.336282);





     sp6_qffr1   : qffr1,at=4.43565+(spnum*16.336282);

     sp6_qffr2   : qffr2,at=4.48840+(spnum*16.336282);

     sp6_qffr3   : qffr3,at=4.54115+(spnum*16.336282);

     sp6_qffr4   : qffr4,at=4.59390+(spnum*16.336282);

     sp6_qf      : qf   ,at=5.09810+(spnum*16.336282);

     sp6_qffr5   : qffr5,at=5.15085+(spnum*16.336282);

     sp6_qffr6   : qffr6,at=5.20360+(spnum*16.336282);

     sp6_qffr7   : qffr7,at=5.25635+(spnum*16.336282);

     sp6_qffr8   : qffr8,at=5.30910+(spnum*16.336282);





     sp6_qtf     : R6qtf,at=5.71280+(spnum*16.336282);





     sp6_qdsfr1  : qdsfr1,at=10.99605+(spnum*16.336282);

     sp6_qdsfr2  : qdsfr2,at=11.0348+(spnum*16.336282);

     sp6_qdsfr3  : qdsfr3,at=11.07355+(spnum*16.336282);

     sp6_qdsfr4  : qdsfr4,at=11.1123+(spnum*16.336282);

     sp6_qds     : qds   ,at=11.3597+(spnum*16.336282);

     sp6_qdsfr5  : qdsfr5,at=11.39845+(spnum*16.336282);

     sp6_qdsfr6  : qdsfr6,at=11.4372+(spnum*16.336282);

     sp6_qdsfr7  : qdsfr7,at=11.47595+(spnum*16.336282);

     sp6_qdsfr8  : qdsfr8,at=11.5147+(spnum*16.336282);

   



     sp6_dipfr1  : dipfr1,at=11.576282+(spnum*16.336282);

     sp6_dipfr2  : dipfr2,at=11.776282+(spnum*16.336282);

     sp6_dipfr3  : dipfr3,at=11.936282+(spnum*16.336282);

     sp6_dipfr4  : dipfr4,at=11.976282+(spnum*16.336282);

     sp6_dipfr5  : dipfr5,at=12.176282+(spnum*16.336282);

     sp6_dip1    : dip1,at=12.236282+(spnum*16.336282);

     sp6_dip2    : dip2,at=13.236282+(spnum*16.336282);

     sp6_dip3    : dip3,at=14.236282+(spnum*16.336282);

     sp6_dip4    : dip4,at=15.236282+(spnum*16.336282);

     sp6_dip5    : dip5,at=16.036282+(spnum*16.336282);

     sp6_dip6    : dip6,at=16.096282+(spnum*16.336282);

     sp6_dipfr6  : dipfr6,at=16.296282+(spnum*16.336282);

     sp6_dipfr7  : dipfr7,at=16.336282+(spnum*16.336282);

     sp6_end     : marker, at =16.336282+(spnum*16.336282);





     // ---------------------------------------------------- sp7 ---------------------------------------



     spnum=7.0;

++++++ info: spnum redefined


     sp7_datum   : marker, at =0.0+(spnum*16.336282);

     sp7_dipfr8  : dipfr8, at = 0.16+(spnum*16.336282);

     sp7_dipfr9  : dipfr9, at =0.36+(spnum*16.336282);

     sp7_dipfr10 : dipfr10,at=0.39+(spnum*16.336282);





     sp7_qdfr1   : qdfr1,at=2.99215+(spnum*16.336282);

     sp7_qdfr2   : qdfr2,at=3.04490+(spnum*16.336282);

     sp7_qdfr3   : qdfr3,at=3.09765+(spnum*16.336282);

     sp7_qdfr4   : qdfr4,at=3.15040+(spnum*16.336282);

     sp7_qd      : qd   ,at=3.66960+(spnum*16.336282);

     sp7_qdfr5   : qdfr5,at=3.72235+(spnum*16.336282);

     sp7_qdfr6   : qdfr6,at=3.77510+(spnum*16.336282);

     sp7_qdfr7   : qdfr7,at=3.82785+(spnum*16.336282);

     sp7_qdfr8   : qdfr8,at=3.88060+(spnum*16.336282);

                  



     sp7_qtd     : R7qtd,at=4.28525+(spnum*16.336282);





     sp7_qffr1   : qffr1,at=4.43565+(spnum*16.336282);

     sp7_qffr2   : qffr2,at=4.48840+(spnum*16.336282);

     sp7_qffr3   : qffr3,at=4.54115+(spnum*16.336282);

     sp7_qffr4   : qffr4,at=4.59390+(spnum*16.336282);

     sp7_qf      : qf   ,at=5.09810+(spnum*16.336282);

     sp7_qffr5   : qffr5,at=5.15085+(spnum*16.336282);

     sp7_qffr6   : qffr6,at=5.20360+(spnum*16.336282);

     sp7_qffr7   : qffr7,at=5.25635+(spnum*16.336282);

     sp7_qffr8   : qffr8,at=5.30910+(spnum*16.336282);





     sp7_qtf     : R7qtf,at=5.71280+(spnum*16.336282);





     sp7_qdsfr1  : qdsfr1,at=10.99605+(spnum*16.336282);

     sp7_qdsfr2  : qdsfr2,at=11.0348+(spnum*16.336282);

     sp7_qdsfr3  : qdsfr3,at=11.07355+(spnum*16.336282);

     sp7_qdsfr4  : qdsfr4,at=11.1123+(spnum*16.336282);

     sp7_qds     : qds   ,at=11.3597+(spnum*16.336282);

     sp7_qdsfr5  : qdsfr5,at=11.39845+(spnum*16.336282);

     sp7_qdsfr6  : qdsfr6,at=11.4372+(spnum*16.336282);

     sp7_qdsfr7  : qdsfr7,at=11.47595+(spnum*16.336282);

     sp7_qdsfr8  : qdsfr8,at=11.5147+(spnum*16.336282);

   



     sp7_dipfr1  : dipfr1,at=11.576282+(spnum*16.336282);

     sp7_dipfr2  : dipfr2,at=11.776282+(spnum*16.336282);

     sp7_dipfr3  : dipfr3,at=11.936282+(spnum*16.336282);

     sp7_dipfr4  : dipfr4,at=11.976282+(spnum*16.336282);

     sp7_dipfr5  : dipfr5,at=12.176282+(spnum*16.336282);

     sp7_dip1    : dip1,at=12.236282+(spnum*16.336282);

     sp7_dip2    : dip2,at=13.236282+(spnum*16.336282);

     sp7_dip3    : dip3,at=14.236282+(spnum*16.336282);

     sp7_dip4    : dip4,at=15.236282+(spnum*16.336282);

     sp7_dip5    : dip5,at=16.036282+(spnum*16.336282);

     sp7_dip6    : dip6,at=16.096282+(spnum*16.336282);

     sp7_dipfr6  : dipfr6,at=16.296282+(spnum*16.336282);

     sp7_dipfr7  : dipfr7,at=16.336282+(spnum*16.336282);

     sp7_end     : marker, at =16.336282+(spnum*16.336282);





     // ---------------------------------------------------- sp8 ---------------------------------------



     spnum=8.0;

++++++ info: spnum redefined


     sp8_datum   : marker, at =0.0+(spnum*16.336282);

     sp8_dipfr8  : dipfr8, at = 0.16+(spnum*16.336282);

     sp8_dipfr9  : dipfr9, at =0.36+(spnum*16.336282);

     sp8_dipfr10 : dipfr10,at=0.39+(spnum*16.336282);





     sp8_qdfr1   : qdfr1,at=2.99215+(spnum*16.336282);

     sp8_qdfr2   : qdfr2,at=3.04490+(spnum*16.336282);

     sp8_qdfr3   : qdfr3,at=3.09765+(spnum*16.336282);

     sp8_qdfr4   : qdfr4,at=3.15040+(spnum*16.336282);

     sp8_qd      : qd   ,at=3.66960+(spnum*16.336282);

     sp8_qdfr5   : qdfr5,at=3.72235+(spnum*16.336282);

     sp8_qdfr6   : qdfr6,at=3.77510+(spnum*16.336282);

     sp8_qdfr7   : qdfr7,at=3.82785+(spnum*16.336282);

     sp8_qdfr8   : qdfr8,at=3.88060+(spnum*16.336282);

                  



     sp8_qtd     : R8qtd,at=4.28525+(spnum*16.336282);





     sp8_qffr1   : qffr1,at=4.43565+(spnum*16.336282);

     sp8_qffr2   : qffr2,at=4.48840+(spnum*16.336282);

     sp8_qffr3   : qffr3,at=4.54115+(spnum*16.336282);

     sp8_qffr4   : qffr4,at=4.59390+(spnum*16.336282);

     sp8_qf      : qf   ,at=5.09810+(spnum*16.336282);

     sp8_qffr5   : qffr5,at=5.15085+(spnum*16.336282);

     sp8_qffr6   : qffr6,at=5.20360+(spnum*16.336282);

     sp8_qffr7   : qffr7,at=5.25635+(spnum*16.336282);

     sp8_qffr8   : qffr8,at=5.30910+(spnum*16.336282);





     sp8_qtf     : R8qtf,at=5.71280+(spnum*16.336282);





     sp8_qdsfr1  : qdsfr1,at=10.99605+(spnum*16.336282);

     sp8_qdsfr2  : qdsfr2,at=11.0348+(spnum*16.336282);

     sp8_qdsfr3  : qdsfr3,at=11.07355+(spnum*16.336282);

     sp8_qdsfr4  : qdsfr4,at=11.1123+(spnum*16.336282);

     sp8_qds     : qds   ,at=11.3597+(spnum*16.336282);

     sp8_qdsfr5  : qdsfr5,at=11.39845+(spnum*16.336282);

     sp8_qdsfr6  : qdsfr6,at=11.4372+(spnum*16.336282);

     sp8_qdsfr7  : qdsfr7,at=11.47595+(spnum*16.336282);

     sp8_qdsfr8  : qdsfr8,at=11.5147+(spnum*16.336282);

   



     sp8_dipfr1  : dipfr1,at=11.576282+(spnum*16.336282);

     sp8_dipfr2  : dipfr2,at=11.776282+(spnum*16.336282);

     sp8_dipfr3  : dipfr3,at=11.936282+(spnum*16.336282);

     sp8_dipfr4  : dipfr4,at=11.976282+(spnum*16.336282);

     sp8_dipfr5  : dipfr5,at=12.176282+(spnum*16.336282);

     sp8_dip1    : dip1,at=12.236282+(spnum*16.336282);

     sp8_dip2    : dip2,at=13.236282+(spnum*16.336282);

     sp8_dip3    : dip3,at=14.236282+(spnum*16.336282);

     sp8_dip4    : dip4,at=15.236282+(spnum*16.336282);

     sp8_dip5    : dip5,at=16.036282+(spnum*16.336282);

     sp8_dip6    : dip6,at=16.096282+(spnum*16.336282);

     sp8_dipfr6  : dipfr6,at=16.296282+(spnum*16.336282);

     sp8_dipfr7  : dipfr7,at=16.336282+(spnum*16.336282);

     sp8_end     : marker, at =16.336282+(spnum*16.336282);





     // ---------------------------------------------------- sp9 ---------------------------------------



     spnum=9.0;

++++++ info: spnum redefined


     sp9_datum   : marker, at =0.0+(spnum*16.336282);

     sp9_dipfr8  : dipfr8, at = 0.16+(spnum*16.336282);

     sp9_dipfr9  : dipfr9, at =0.36+(spnum*16.336282);

     sp9_dipfr10 : dipfr10,at=0.39+(spnum*16.336282);





     sp9_qdfr1   : qdfr1,at=2.99215+(spnum*16.336282);

     sp9_qdfr2   : qdfr2,at=3.04490+(spnum*16.336282);

     sp9_qdfr3   : qdfr3,at=3.09765+(spnum*16.336282);

     sp9_qdfr4   : qdfr4,at=3.15040+(spnum*16.336282);

     sp9_qd      : qd   ,at=3.66960+(spnum*16.336282);

     sp9_qdfr5   : qdfr5,at=3.72235+(spnum*16.336282);

     sp9_qdfr6   : qdfr6,at=3.77510+(spnum*16.336282);

     sp9_qdfr7   : qdfr7,at=3.82785+(spnum*16.336282);

     sp9_qdfr8   : qdfr8,at=3.88060+(spnum*16.336282);

                  



     sp9_qtd     : R9qtd,at=4.28525+(spnum*16.336282);





     sp9_qffr1   : qffr1,at=4.43565+(spnum*16.336282);

     sp9_qffr2   : qffr2,at=4.48840+(spnum*16.336282);

     sp9_qffr3   : qffr3,at=4.54115+(spnum*16.336282);

     sp9_qffr4   : qffr4,at=4.59390+(spnum*16.336282);

     sp9_qf      : qf   ,at=5.09810+(spnum*16.336282);

     sp9_qffr5   : qffr5,at=5.15085+(spnum*16.336282);

     sp9_qffr6   : qffr6,at=5.20360+(spnum*16.336282);

     sp9_qffr7   : qffr7,at=5.25635+(spnum*16.336282);

     sp9_qffr8   : qffr8,at=5.30910+(spnum*16.336282);





     sp9_qtf     : R9qtf,at=5.71280+(spnum*16.336282);





     sp9_qdsfr1  : qdsfr1,at=10.99605+(spnum*16.336282);

     sp9_qdsfr2  : qdsfr2,at=11.0348+(spnum*16.336282);

     sp9_qdsfr3  : qdsfr3,at=11.07355+(spnum*16.336282);

     sp9_qdsfr4  : qdsfr4,at=11.1123+(spnum*16.336282);

     sp9_qds     : qds   ,at=11.3597+(spnum*16.336282);

     sp9_qdsfr5  : qdsfr5,at=11.39845+(spnum*16.336282);

     sp9_qdsfr6  : qdsfr6,at=11.4372+(spnum*16.336282);

     sp9_qdsfr7  : qdsfr7,at=11.47595+(spnum*16.336282);

     sp9_qdsfr8  : qdsfr8,at=11.5147+(spnum*16.336282);

   



     sp9_dipfr1  : dipfr1,at=11.576282+(spnum*16.336282);

     sp9_dipfr2  : dipfr2,at=11.776282+(spnum*16.336282);

     sp9_dipfr3  : dipfr3,at=11.936282+(spnum*16.336282);

     sp9_dipfr4  : dipfr4,at=11.976282+(spnum*16.336282);

     sp9_dipfr5  : dipfr5,at=12.176282+(spnum*16.336282);

     sp9_dip1    : dip1,at=12.236282+(spnum*16.336282);

     sp9_dip2    : dip2,at=13.236282+(spnum*16.336282);

     sp9_dip3    : dip3,at=14.236282+(spnum*16.336282);

     sp9_dip4    : dip4,at=15.236282+(spnum*16.336282);

     sp9_dip5    : dip5,at=16.036282+(spnum*16.336282);

     sp9_dip6    : dip6,at=16.096282+(spnum*16.336282);

     sp9_dipfr6  : dipfr6,at=16.296282+(spnum*16.336282);

     sp9_dipfr7  : dipfr7,at=16.336282+(spnum*16.336282);

     sp9_end     : marker, at =16.336282+(spnum*16.336282);





endsequence;







r0hd1_kick:=0.0;

r2hd1_kick:=0.0;

r3hd1_kick:=0.0;

r4hd1_kick:=0.0;

r5hd1_kick:=0.0;

r7hd1_kick:=0.0;

r9hd1_kick:=0.0;



r0vd1_kick:=0.0;

r2vd1_kick:=0.0;

r3vd1_kick:=0.0;

r4vd1_kick:=0.0;

r5vd1_kick:=0.0;

r7vd1_kick:=0.0;

r9vd1_kick:=0.0;



! add super period specific elements



  R0HD1 : HKICKER , L=0.001 , kick := r0hd1_kick; 

  R0HM1 : HMONITOR, L=0.001; 

  R0VM1 : VMONITOR, L=0.001; 

  R0VD1 : VKICKER , L=0.001 , kick := r0vd1_kick;

  R0HM2 : HMONITOR, L=0.001; 

  FOIL  : MARKER  ;



  K1    : MARKER  ;

  K2    : MARKER  ;

  K3    : MARKER  ;

  R1HM1 : HMONITOR, L=0.001; 

  R1VM1 : VMONITOR, L=0.001; 

  VCP1  : MARKER  ;

  HCP1  : MARKER  ;

  VCS0  : MARKER  ;

  VCS1  : MARKER  ;

  R1HM2 : HMONITOR, L=0.001; 

  R1VM2 : VMONITOR, L=0.001; 

  HCS1  : MARKER  ;

  VCS2  : MARKER  ;

  EXTWIRE : MARKER;

  SEPNI : MARKER  ;

  HCS3  : MARKER  ;

 

  R2HM1 : HMONITOR, L=0.001;

  R2VM1 : VMONITOR, L=0.001;

  R2VD1 : VKICKER , L=0.001 , kick := r2vd1_kick;

  R2HM2 : HMONITOR, L=0.001;

  R2HD1 : HKICKER,  L=0.001 , kick := r2hd1_kick;

  R2VM2 : VMONITOR, L=0.001;

 

  R3VM1 : VMONITOR, L=0.001;

  R3VD1 : VKICKER , L=0.001 , kick := r3vd1_kick;

  R3VM2 : VMONITOR, L=0.001;

  R3HD1 : HKICKER , L=0.001 , kick := r3hd1_kick;

  R3HM1 : HMONITOR, L=0.001;

  R3VM3 : VMONITOR, L=0.001;



  R4HM1 : HMONITOR, L=0.001;

  R4VM1 : VMONITOR, L=0.001;

  R4HM2 : HMONITOR, L=0.001;

  R4HD1 : HKICKER , L=0.001 , kick := r4hd1_kick;

  R4VD1 : VKICKER , L=0.001 , kick := r4vd1_kick;

  R4VM2 : VMONITOR, L=0.001;



  R5VM1 : VMONITOR, L=0.001;

  R5VD1 : VKICKER , L=0.001 , kick := r5vd1_kick;

  R5HM1 : HMONITOR, L=0.001;

  R5HD1 : HKICKER , L=0.001 , kick := r5hd1_kick;

  R5HPM1: HMONITOR, L=0.001;

  R5WIRE: MONITOR, L=0.001;

  R5VM2 : VMONITOR, L=0.001;

  R5HPM2: HMONITOR, L=0.001;

  

  R6HPM1: HMONITOR, L=0.001;

  R6HM1 : HMONITOR, L=0.001;

  R6VM1 : VMONITOR, L=0.001;

  R6VPM1: VMONITOR, L=0.001;

  R6HM2 : HMONITOR, L=0.001;

  R6HM3 : HMONITOR, L=0.001;

  R6VM2 : VMONITOR, L=0.001;

  R6VPM2: VMONITOR, L=0.001;

  

  MICE  : MARKER;

  R7VM1 : VMONITOR, L=0.001;

  R7VM2 : VMONITOR, L=0.001;

  R7VD1 : VKICKER , L=0.001 , kick := r7vd1_kick;

  R7HM1 : HMONITOR, L=0.001;

  R7HM2 : HMONITOR, L=0.001;

  R7HD1 : HKICKER , L=0.001 , kick := r7hd1_kick;

  R7VM3 : VMONITOR, L=0.001;

  

  R8HM1 : HMONITOR, L=0.001;

  R8VM1 : VMONITOR, L=0.001;

  R8HM2 : HMONITOR, L=0.001;

  R8VM2 : VMONITOR, L=0.001;

  

  R9VM2 : VMONITOR, L=0.001;

  R9HM1 : HMONITOR, L=0.001;

  R9HD1 : HKICKER , L=0.000 , kick := r9hd1_kick;

  R9VD1 : VKICKER , L=0.001 , kick := r9vd1_kick;

  R9VM3 : VMONITOR, L=0.001;





seqedit,sequence=synchrotron;



spnum=0.0;

++++++ info: spnum redefined


   install,element=R0HD1,at=0.525+(spnum*16.336282);

   install,element=R0HM1,at=0.7305+(spnum*16.336282);

   install,element=R0VM1,at=2.218+(spnum*16.336282);

   install,element=R0VD1,at=2.425+(spnum*16.336282);

   install,element=R0HM2,at=5.971+(spnum*16.336282);

   install,element=FOIL,at=8.509+(spnum*16.336282);



spnum=1.0;

++++++ info: spnum redefined


   install,element=K1,at=0.818+(spnum*16.336282);

   install,element=K2,at=1.653+(spnum*16.336282);

   install,element=K3,at=2.4005+(spnum*16.336282);

   install,element=R1HM1,at=5.949+(spnum*16.336282);

   install,element=R1VM1,at=6.073+(spnum*16.336282);

   install,element=VCP1,at=6.252+(spnum*16.336282);

   install,element=HCP1,at=6.567+(spnum*16.336282);

   install,element=VCS0,at=7.282+(spnum*16.336282);

   install,element=VCS1,at=8.216+(spnum*16.336282);

   install,element=R1HM2,at=8.080+(spnum*16.336282);

   install,element=R1VM2,at=8.204+(spnum*16.336282);

   install,element=HCS1,at=8.556+(spnum*16.336282);

   install,element=VCS2,at=10.090+(spnum*16.336282);

   install,element=EXTWIRE,at=8.875+(spnum*16.336282);

   install,element=SEPNI,at=9.436+(spnum*16.336282);

   install,element=HCS3,at=10.632+(spnum*16.336282);

   

spnum=2.0;

++++++ info: spnum redefined


   install,element=R2HM1,at=0.7305+(spnum*16.336282);

   install,element=R2VM1,at=2.218+(spnum*16.336282);

   install,element=R2VD1,at=2.425+(spnum*16.336282);

   install,element=R2HM2,at=5.971+(spnum*16.336282);

   install,element=R2HD1,at=6.178+(spnum*16.336282);

   install,element=R2VM2,at=10.7875+(spnum*16.336282);



spnum=3.0;

++++++ info: spnum redefined




   install,element=R3VM1,at=0.7305+(spnum*16.336282);

   install,element=R3VD1,at=1.89725+(spnum*16.336282);

   install,element=R3VM2,at=2.218+(spnum*16.336282);

   install,element=R3HM1,at=5.971+(spnum*16.336282);

   install,element=R3HD1,at=6.178+(spnum*16.336282);

   install,element=R3VM3,at=10.7875+(spnum*16.336282);



spnum=4.0;

++++++ info: spnum redefined


   install,element=R4VM1,at=2.218+(spnum*16.336282);

   install,element=R4HM2,at=5.971+(spnum*16.336282);

   install,element=R4HD1,at=6.178+(spnum*16.336282);

   install,element=R4VD1,at=10.46155+(spnum*16.336282);

   install,element=R4VM2,at=10.7868+(spnum*16.336282);



spnum=5.0;

++++++ info: spnum redefined


   install,element=R5HD1,at=0.525+(spnum*16.336282);

   install,element=R5VM1,at=2.218+(spnum*16.336282);

   install,element=R5VD1,at=2.425+(spnum*16.336282);

   install,element=R5HM1,at=5.971+(spnum*16.336282);

   install,element=R5HPM1,at=6.614+(spnum*16.336282);

   install,element=R5WIRE,at=6.814+(spnum*16.336282);

   install,element=R5VM2,at=10.2235+(spnum*16.336282);

   install,element=R5HPM2,at=10.459+(spnum*16.336282);



spnum=6.0;

++++++ info: spnum redefined


   install,element=R6HPM1,at=0.5315+(spnum*16.336282);

   install,element=R6HM1,at=0.968+(spnum*16.336282);

   install,element=R6VM1,at=2.218+(spnum*16.336282);

   install,element=R6VPM1,at=2.4545+(spnum*16.336282);

   install,element=R6HM2,at=5.971+(spnum*16.336282);

   install,element=R6HM3,at=7.255+(spnum*16.336282);

   install,element=R6VM2,at=7.521+(spnum*16.336282);

   install,element=R6VPM2,at=10.463+(spnum*16.336282);



spnum=7.0;

++++++ info: spnum redefined


   install,element=R7HM1,at=0.4376+(spnum*16.336282);

   install,element=MICE ,at=0.873+(spnum*16.336282);

   install,element=R7VM2,at=2.218+(spnum*16.336282);

   install,element=R7VD1,at=2.425+(spnum*16.336282);

   install,element=R7HM2,at=5.971+(spnum*16.336282);

   install,element=R7HD1,at=6.178+(spnum*16.336282);

   install,element=R7VM3,at=10.7863+(spnum*16.336282);



spnum=8.0;

++++++ info: spnum redefined


   install,element=R8VM1,at=2.218+(spnum*16.336282);

   install,element=R8HM2,at=5.971+(spnum*16.336282);

   install,element=R8VM2,at=10.7863+(spnum*16.336282);



spnum=9.0;

++++++ info: spnum redefined


   install,element=R9VM2,at=2.218+(spnum*16.336282);

   install,element=R9HM1,at=5.971+(spnum*16.336282);

   install,element=R9HD1,at=6.178+(spnum*16.336282);

   install,element=R9VD1,at=10.46155+(spnum*16.336282);

   install,element=R9VM3,at=10.7868+(spnum*16.336282);



  endedit;

++++++ info: seqedit - number of elements installed:  70
++++++ info: seqedit - number of elements moved:      0
++++++ info: seqedit - number of elements removed:    0
++++++ info: seqedit - number of elements replaced:   0










  





  









! PTC MACROS



ptc_twiss_macro(order, dp, slice_flag): macro = {

  select, flag=ptc_twiss, column=name,keyword,s,l,mu1,mu2,beta11,alfa11,beta22,alfa22,x,px,y,py,t,pt,disp1,disp2,disp3,disp4,energy,angle,K0L,K0SL,K1L,K1SL,K2L,K2SL,K3L,K3SL,K4L,K4SL,K5L,K5SL,vkick,hkick,tilt,slot_id,volt,lag,freq,harmon,gamma11,gamma22;

  ptc_create_universe;

  ptc_create_layout, time=false, model=2, exact=true, method=6, nst=3;

  IF (slice_flag == 1){

    ptc_twiss, closed_orbit, icase=56, no=order, deltap=dp, table=ptc_twiss, summary_table=ptc_twiss_summary, slice_magnets=true;

  }

  ELSE{

    ptc_twiss, closed_orbit, icase=56, no=order, deltap=dp, table=ptc_twiss, summary_table=ptc_twiss_summary, normal;

  }

  ptc_end;

};



! Override existing macro in macros file due to bug when using MAD-X 5.02

ptc_twiss_macro(order): macro = {

	select, flag=ptc_twiss, column=name,keyword,s,l,mu1,mu2,beta11,alfa11,beta22,alfa22,x,px,y,py,t,pt,disp1,disp2,disp3,disp4,energy,angle,K0L,K0SL,K1L,K1SL,K2L,K2SL,K3L,K3SL,K4L,K4SL,K5L,K5SL,vkick,hkick,tilt,slot_id,volt,lag,freq,harmon,gamma11,gamma22;

	ptc_create_universe;

	ptc_create_layout, time=false, model=2, exact=true, method=6, nst=3;

	ptc_twiss, closed_orbit, icase=56, no=order, table=ptc_twiss, summary_table=ptc_twiss_summary;  

	ptc_end;

};

++++++ warning: macro redefined: ptc_twiss_macro


ptc_twiss_macro_sliced(order): macro = {

	select, flag=ptc_twiss, column=name,keyword,s,l,mu1,mu2,beta11,alfa11,beta22,alfa22,x,px,y,py,t,pt,disp1,disp2,disp3,disp4,energy,angle,K0L,K0SL,K1L,K1SL,K2L,K2SL,K3L,K3SL,K4L,K4SL,K5L,K5SL,vkick,hkick,tilt,slot_id,volt,lag,freq,harmon,gamma11,gamma22;

	ptc_create_universe;

	ptc_create_layout, time=false, model=2, exact=true, method=6, nst=3;

	ptc_twiss, closed_orbit, icase=56, no=order, table=ptc_twiss, summary_table=ptc_twiss_summary, slice_magnets=true;  

	ptc_end;

};



write_ptc_twiss(filename) : macro = {

  write, table=ptc_twiss, file=filename;

};



ptc_twiss_tune_macro_no_split_n(nnn): macro={

        select, flag=ptc_twiss, column=name,keyword,s,l,mu1,mu2,beta11,alfa11,beta22,alfa22,x,px,y,py,t,pt,disp1,disp2,disp3,disp4,energy,angle,K0L,K0SL,K1L,K1SL,K2L,K2SL,K3L,K3SL,K4L,K4SL,K5L,K5SL,vkick,hkick,tilt,slot_id,volt,lag,freq,harmon,gamma11,gamma22;

        ptc_create_universe;

        ptc_create_layout, time=true, model=2, exact=true, method=6, nst=3;

        ptc_twiss, no=map_order, closed_orbit, table = ptc_twiss, file = nnn.ptc, icase=56, summary_table=ptc_twiss_summary;

        qx0=table(ptc_twiss_summary,q1);

        qy0=table(ptc_twiss_summary,q2);

        xcomax0=table(ptc_twiss_summary,xcomax);

        xcomin0=table(ptc_twiss_summary,xcomin);

        value, qx0, qy0;

        ptc_end;

};





! MATCHING MACROS



match_Tunes(PFW_flag, QQx, QQy): macro={

	IF(PFW_flag == 0){

	print, text = "/***************************************************";

	print, text = "  Matching Tune using Low Energy Quads";

	print, text = "/***************************************************";

	match, use_macro;

		vary, name = kf, step=1.0E-6 ;

		vary, name = kd, step=1.0E-6 ;

		use_macro, name = ptc_twiss_macro(2);

		constraint, expr = table(ptc_twiss_summary,q1)  = QQx;

		constraint, expr = table(ptc_twiss_summary,q2)  = QQy;

	jacobian,calls=50000,bisec=3;

	ENDMATCH;

	}

	ELSEIF(PFW_flag == 1){

	print, text = "/***************************************************";

	print, text = "  Matching Tune using Pole Face Windings";

	print, text = "/***************************************************";

	match, use_macro;

		vary, name = pfwk1_f;

		vary, name = pfwk1_d;

		use_macro, name = ptc_twiss_macro(2);

		constraint, expr = table(ptc_twiss_summary,q1)  = QQx;

		constraint, expr = table(ptc_twiss_summary,q2)  = QQy;

	jacobian,calls=50000,bisec=3;

	ENDMATCH;

	}

	value, kf, kd, pfwk1_f, pfwk1_d;

};



match_Chroma_PFW(QQxp, QQyp, QQxp2, QQyp2): macro={

	print, text = "/***************************************************";

	print, text = "  Matching Chromaticity using Pole Face Windings";

	print, text = "/***************************************************";

	use, sequence=PS;

	match, use_macro;

		vary, name = pfwk2_f;

		vary, name = pfwk2_d;

		vary, name = pfwk3_f;

		vary, name = pfwk3_d;

        use_macro, name = ptc_twiss_macro(2);

		constraint, expr = table(ptc_twiss_summary,dq1) = QQxp;

		constraint, expr = table(ptc_twiss_summary,dq2) = QQyp;

		! These require the `normal' ptc_twiss flag which doesn't seem to work with MAD-X 5.02

        !constraint, expr = table(nonlin,value,5)  = QQxp2;

        !constraint, expr = table(nonlin,value,10) = QQyp2;

	jacobian,calls=50000,bisec=3;

	ENDMATCH;

	value, pfwk2_f, pfwk2_d, pfwk3_f, pfwk3_d;

};

enter Twiss module

++++++ table: summ

            length             orbit5               alfa            gammatr 
         163.36282                 -0      0.03891361506         5.06931421 

                q1                dq1            betxmax              dxmax 
        4.31010672       -13.01351915        17.81314431        8.847604139 

             dxrms             xcomax             xcorms                 q2 
       5.377319428                  0                  0        3.829998069 

               dq2            betymax              dymax              dyrms 
      -13.35487841        16.62817033                  0                  0 

            ycomax             ycorms             deltap            synch_1 
                 0                  0                  0                  0 

           synch_2            synch_3            synch_4            synch_5 
                 0                  0                  0                  0 

           synch_6            synch_8             nflips 
                 0                  0                  0 

++++++ table: ptc_twiss_summary

            length            alpha_c          alpha_c_p         alpha_c_p2 
         163.36282      0.03891361505       0.4113725823       -3.073815983 

        alpha_c_p3              eta_c           gamma_tr                 q1 
       30.92927977       -0.826299609         5.06931421       0.3101067202 

                q2                dq1                dq2                 qs 
      0.8299980692       -4.777694743       -4.903019055                  0 

        beta_x_min         beta_x_max         beta_y_min         beta_y_max 
       2.145653693        18.01663837        3.995364885        16.76508009 

         beta11min          beta11max          beta12min          beta12max 
       2.145653693        18.01663837                  0                  0 

         beta13min          beta13max          beta21min          beta21max 
                 0                  0                  0                  0 

         beta22min          beta22max          beta23min          beta23max 
       3.995364885        16.76508009                  0                  0 

         beta31min          beta31max          beta32min          beta32max 
                 0                  0                  0                  0 

         beta33min          beta33max           disp1min           disp1max 
                 0                  0                  0        3.253958887 

          disp2min           disp2max           disp3min           disp3max 
     -0.3779696703        1.072902931                  0                  0 

          disp4min           disp4max             deltap            orbit_x 
                 0                  0                  0    1.477475675e-13 

          orbit_px            orbit_y           orbit_py           orbit_pt 
   2.771691259e-14                  0                  0                  0 

           orbit_t             xcorms             ycorms            pxcorms 
                 0    8.832311264e-14                  0    3.390923438e-14 

           pycorms             tcorms            ptcorms             xcomax 
                 0     8.70539714e-14                  0    1.705302566e-13 

            ycomax            pxcomax            pycomax             tcomax 
                 0    5.600166913e-14                  0    3.080868893e-15 

           ptcomax             xcomin             ycomin            pxcomin 
                 0   -5.684341886e-14                  0     1.97388988e-15 

           pycomin             tcomin            ptcomin 
                 0   -1.681111847e-13                  0 
++++++ info: kqtd_0 redefined
++++++ info: kqtd_1 redefined
++++++ info: kqtd_2 redefined
++++++ info: kqtd_3 redefined
++++++ info: kqtd_4 redefined
++++++ info: kqtd_5 redefined
++++++ info: kqtd_6 redefined
++++++ info: kqtd_7 redefined
++++++ info: kqtd_8 redefined
++++++ info: kqtd_9 redefined
++++++ info: kqtf_0 redefined
++++++ info: kqtf_1 redefined
++++++ info: kqtf_2 redefined
++++++ info: kqtf_3 redefined
++++++ info: kqtf_4 redefined
++++++ info: kqtf_5 redefined
++++++ info: kqtf_6 redefined
++++++ info: kqtf_7 redefined
++++++ info: kqtf_8 redefined
++++++ info: kqtf_9 redefined
START MATCHING

number of sequences: 1
sequence name: synchrotron
number of variables:    20
user given constraints: 2
total constraints:      40

START LMDIF:


MATCH SUMMARY

Node_Name                  Constraint   Type  Target Value       Final Value        Penalty
--------------------------------------------------------------------------------------------------


Final Penalty Function =   1.01376514e+01





Variable                 Final Value  Initial Value Lower Limit  Upper Limit 
--------------------------------------------------------------------------------
sp0_qtd->k1              -1.22880e-01  6.10063e-03 -1.00000e+20  1.00000e+20
sp0_qtf->k1               8.43117e-02 -1.15544e-02 -1.00000e+20  1.00000e+20
sp1_qtd->k1              -3.57948e-02  6.10063e-03 -1.00000e+20  1.00000e+20
sp1_qtf->k1               2.92486e-02 -1.15544e-02 -1.00000e+20  1.00000e+20
sp2_qtd->k1              -1.05313e-01  6.10063e-03 -1.00000e+20  1.00000e+20
sp2_qtf->k1               6.99004e-02 -1.15544e-02 -1.00000e+20  1.00000e+20
sp3_qtd->k1              -8.51687e-02  6.10063e-03 -1.00000e+20  1.00000e+20
sp3_qtf->k1               6.56538e-02 -1.15544e-02 -1.00000e+20  1.00000e+20
sp4_qtd->k1              -8.04612e-02  6.10063e-03 -1.00000e+20  1.00000e+20
sp4_qtf->k1               5.21995e-02 -1.15544e-02 -1.00000e+20  1.00000e+20
sp5_qtd->k1              -8.10927e-02  6.10063e-03 -1.00000e+20  1.00000e+20
sp5_qtf->k1               5.33431e-02 -1.15544e-02 -1.00000e+20  1.00000e+20
sp6_qtd->k1              -1.11703e-01  6.10063e-03 -1.00000e+20  1.00000e+20
sp6_qtf->k1               8.68521e-02 -1.15544e-02 -1.00000e+20  1.00000e+20
sp7_qtd->k1              -9.30898e-02  6.10063e-03 -1.00000e+20  1.00000e+20
sp7_qtf->k1               5.27746e-02 -1.15544e-02 -1.00000e+20  1.00000e+20
sp8_qtd->k1              -8.58760e-02  6.10063e-03 -1.00000e+20  1.00000e+20
sp8_qtf->k1               7.03498e-02 -1.15544e-02 -1.00000e+20  1.00000e+20
sp9_qtd->k1              -7.77783e-02  6.10063e-03 -1.00000e+20  1.00000e+20
sp9_qtf->k1               4.55758e-02 -1.15544e-02 -1.00000e+20  1.00000e+20

END MATCH SUMMARY

VARIABLE "TAR" SET TO   1.01376514e+01
enter Twiss module

++++++ table: summ

            length             orbit5               alfa            gammatr 
         163.36282                 -0      0.03746972514        5.166063574 

                q1                dq1            betxmax              dxmax 
       4.310858767       -13.18201955        18.67119291        10.09698668 

             dxrms             xcomax             xcorms                 q2 
       5.361585083                  0                  0        3.997748007 

               dq2            betymax              dymax              dyrms 
      -14.93012892        20.99353618                  0                  0 

            ycomax             ycorms             deltap            synch_1 
                 0                  0                  0                  0 

           synch_2            synch_3            synch_4            synch_5 
                 0                  0                  0                  0 

           synch_6            synch_8             nflips 
                 0                  0                  0 

++++++ table: ptc_twiss_summary

            length            alpha_c          alpha_c_p         alpha_c_p2 
         163.36282      0.03746972514       0.4324039221       -3.053571136 

        alpha_c_p3              eta_c           gamma_tr                 q1 
       46.00053721      -0.8277434989        5.166063574       0.3108587671 

                q2                dq1                dq2                 qs 
      0.9977480074       -4.839556828       -5.481345792                  0 

        beta_x_min         beta_x_max         beta_y_min         beta_y_max 
       2.108487939        18.80354428        3.415079513        21.18459904 

         beta11min          beta11max          beta12min          beta12max 
       2.108487939        18.80354428                  0                  0 

         beta13min          beta13max          beta21min          beta21max 
                 0                  0                  0                  0 

         beta22min          beta22max          beta23min          beta23max 
       3.415079513        21.18459904                  0                  0 

         beta31min          beta31max          beta32min          beta32max 
                 0                  0                  0                  0 

         beta33min          beta33max           disp1min           disp1max 
                 0                  0                  0        3.707188709 

          disp2min           disp2max           disp3min           disp3max 
      -0.445631237        1.273792811                  0                  0 

          disp4min           disp4max             deltap            orbit_x 
                 0                  0                  0    1.515438722e-13 

          orbit_px            orbit_y           orbit_py           orbit_pt 
   3.159980822e-14                  0                  0                  0 

           orbit_t             xcorms             ycorms            pxcorms 
                 0    9.262719043e-14                  0    3.526459834e-14 

           pycorms             tcorms            ptcorms             xcomax 
                 0    7.199613358e-14                  0    1.705302566e-13 

            ycomax            pxcomax            pycomax             tcomax 
                 0    6.113810908e-14                  0    2.706168623e-15 

           ptcomax             xcomin             ycomin            pxcomin 
                 0   -5.684341886e-14                  0    1.289307814e-15 

           pycomin             tcomin            ptcomin 
                 0   -1.419237991e-13                  0 
